     Creating library G:\SourceControl\HitsPlugin\Release\HitsPlugin.lib and object G:\SourceControl\HitsPlugin\Release\HitsPlugin.exp
HitsPlugin.obj : error LNK2001: unresolved external symbol "__declspec(dllimport) public: __thiscall CarWrapper::~CarWrapper(void)" (__imp_??1CarWrapper@@QAE@XZ)
HitsPlugin.obj : error LNK2001: unresolved external symbol "__declspec(dllimport) public: __thiscall CarWrapper::CarWrapper(class CarWrapper const &)" (__imp_??0CarWrapper@@QAE@ABV0@@Z)
HitsPlugin.obj : error LNK2001: unresolved external symbol "__declspec(dllimport) public: struct Vector2 __thiscall CanvasWrapper::Project(struct Vector)" (__imp_?Project@CanvasWrapper@@QAE?AUVector2@@UVector@@@Z)
HitsPlugin.obj : error LNK2001: unresolved external symbol "__declspec(dllimport) public: void __thiscall CanvasWrapper::DrawString(class std::basic_string<char,struct std::char_traits<char>,class std::allocator<char> >,float,float)" (__imp_?DrawString@CanvasWrapper@@QAEXV?$basic_string@DU?$char_traits@D@std@@V?$allocator@D@2@@std@@MM@Z)
HitsPlugin.obj : error LNK2001: unresolved external symbol "__declspec(dllimport) public: void __thiscall CanvasWrapper::FillBox(struct Vector2)" (__imp_?FillBox@CanvasWrapper@@QAEXUVector2@@@Z)
HitsPlugin.obj : error LNK2001: unresolved external symbol "__declspec(dllimport) public: void __thiscall CanvasWrapper::DrawBox(struct Vector2)" (__imp_?DrawBox@CanvasWrapper@@QAEXUVector2@@@Z)
HitsPlugin.obj : error LNK2001: unresolved external symbol "__declspec(dllimport) public: void __thiscall CanvasWrapper::SetColor(char,char,char,char)" (__imp_?SetColor@CanvasWrapper@@QAEXDDDD@Z)
HitsPlugin.obj : error LNK2001: unresolved external symbol "__declspec(dllimport) public: void __thiscall CanvasWrapper::SetPosition(struct Vector2)" (__imp_?SetPosition@CanvasWrapper@@QAEXUVector2@@@Z)
HitsPlugin.obj : error LNK2001: unresolved external symbol "__declspec(dllimport) public: __thiscall CanvasWrapper::~CanvasWrapper(void)" (__imp_??1CanvasWrapper@@QAE@XZ)
HitsPlugin.obj : error LNK2001: unresolved external symbol "__declspec(dllimport) public: __thiscall CanvasWrapper::CanvasWrapper(class CanvasWrapper const &)" (__imp_??0CanvasWrapper@@QAE@ABV0@@Z)
HitsPlugin.obj : error LNK2001: unresolved external symbol "__declspec(dllimport) public: void __thiscall CVarManagerWrapper::backupCfg(class std::basic_string<char,struct std::char_traits<char>,class std::allocator<char> >)" (__imp_?backupCfg@CVarManagerWrapper@@QAEXV?$basic_string@DU?$char_traits@D@std@@V?$allocator@D@2@@std@@@Z)
HitsPlugin.obj : error LNK2001: unresolved external symbol "__declspec(dllimport) public: class CVarWrapper __thiscall CVarManagerWrapper::getCvar(class std::basic_string<char,struct std::char_traits<char>,class std::allocator<char> >)" (__imp_?getCvar@CVarManagerWrapper@@QAE?AVCVarWrapper@@V?$basic_string@DU?$char_traits@D@std@@V?$allocator@D@2@@std@@@Z)
HitsPlugin.obj : error LNK2001: unresolved external symbol "__declspec(dllimport) public: void __thiscall CVarManagerWrapper::log(class std::basic_string<char,struct std::char_traits<char>,class std::allocator<char> >)" (__imp_?log@CVarManagerWrapper@@QAEXV?$basic_string@DU?$char_traits@D@std@@V?$allocator@D@2@@std@@@Z)
HitsPlugin.obj : error LNK2001: unresolved external symbol "__declspec(dllimport) public: class CVarWrapper __thiscall CVarManagerWrapper::registerCvar(class std::basic_string<char,struct std::char_traits<char>,class std::allocator<char> >,class std::basic_string<char,struct std::char_traits<char>,class std::allocator<char> >,class std::basic_string<char,struct std::char_traits<char>,class std::allocator<char> >,bool,bool,float,bool,float,bool)" (__imp_?registerCvar@CVarManagerWrapper@@QAE?AVCVarWrapper@@V?$basic_string@DU?$char_traits@D@std@@V?$allocator@D@2@@std@@00_N1M1M1@Z)
HitsPlugin.obj : error LNK2001: unresolved external symbol "__declspec(dllimport) public: void __thiscall CVarManagerWrapper::registerNotifier(class std::basic_string<char,struct std::char_traits<char>,class std::allocator<char> >,class std::function<void __cdecl(class std::vector<class std::basic_string<char,struct std::char_traits<char>,class std::allocator<char> >,class std::allocator<class std::basic_string<char,struct std::char_traits<char>,class std::allocator<char> > > >)>,class std::basic_string<char,struct std::char_traits<char>,class std::allocator<char> >,unsigned char)" (__imp_?registerNotifier@CVarManagerWrapper@@QAEXV?$basic_string@DU?$char_traits@D@std@@V?$allocator@D@2@@std@@V?$function@$$A6AXV?$vector@V?$basic_string@DU?$char_traits@D@std@@V?$allocator@D@2@@std@@V?$allocator@V?$basic_string@DU?$char_traits@D@std@@V?$allocator@D@2@@std@@@2@@std@@@Z@3@0E@Z)
HitsPlugin.obj : error LNK2001: unresolved external symbol "__declspec(dllimport) public: void __thiscall GameWrapper::HookEventWithCaller<class CarWrapper,0>(class std::basic_string<char,struct std::char_traits<char>,class std::allocator<char> >,class std::function<void __cdecl(class CarWrapper,void *,class std::basic_string<char,struct std::char_traits<char>,class std::allocator<char> >)>)" (__imp_??$HookEventWithCaller@VCarWrapper@@$0A@@GameWrapper@@QAEXV?$basic_string@DU?$char_traits@D@std@@V?$allocator@D@2@@std@@V?$function@$$A6AXVCarWrapper@@PAXV?$basic_string@DU?$char_traits@D@std@@V?$allocator@D@2@@std@@@Z@2@@Z)
HitsPlugin.obj : error LNK2001: unresolved external symbol "__declspec(dllimport) public: void __thiscall GameWrapper::UnhookEvent(class std::basic_string<char,struct std::char_traits<char>,class std::allocator<char> >)" (__imp_?UnhookEvent@GameWrapper@@QAEXV?$basic_string@DU?$char_traits@D@std@@V?$allocator@D@2@@std@@@Z)
HitsPlugin.obj : error LNK2001: unresolved external symbol "__declspec(dllimport) public: void __thiscall GameWrapper::UnregisterDrawables(void)" (__imp_?UnregisterDrawables@GameWrapper@@QAEXXZ)
HitsPlugin.obj : error LNK2001: unresolved external symbol "__declspec(dllimport) public: void __thiscall GameWrapper::RegisterDrawable(class std::function<void __cdecl(class CanvasWrapper)>)" (__imp_?RegisterDrawable@GameWrapper@@QAEXV?$function@$$A6AXVCanvasWrapper@@@Z@std@@@Z)
HitsPlugin.obj : error LNK2001: unresolved external symbol "__declspec(dllimport) public: class ServerWrapper __thiscall GameWrapper::GetGameEventAsServer(void)" (__imp_?GetGameEventAsServer@GameWrapper@@QAE?AVServerWrapper@@XZ)
HitsPlugin.obj : error LNK2001: unresolved external symbol "__declspec(dllimport) public: bool __thiscall GameWrapper::IsInCustomTraining(void)" (__imp_?IsInCustomTraining@GameWrapper@@QAE_NXZ)
HitsPlugin.obj : error LNK2001: unresolved external symbol "__declspec(dllimport) public: bool __thiscall GameWrapper::IsInFreeplay(void)" (__imp_?IsInFreeplay@GameWrapper@@QAE_NXZ)
HitsPlugin.obj : error LNK2001: unresolved external symbol "__declspec(dllimport) public: bool __thiscall ActorWrapper::IsNull(void)" (__imp_?IsNull@ActorWrapper@@QAE_NXZ)
HitsPlugin.obj : error LNK2001: unresolved external symbol "__declspec(dllimport) public: struct Rotator __thiscall ActorWrapper::GetRotation(void)" (__imp_?GetRotation@ActorWrapper@@QAE?AURotator@@XZ)
HitsPlugin.obj : error LNK2001: unresolved external symbol "__declspec(dllimport) public: struct Vector __thiscall ActorWrapper::GetLocation(void)" (__imp_?GetLocation@ActorWrapper@@QAE?AUVector@@XZ)
HitsPlugin.obj : error LNK2001: unresolved external symbol "__declspec(dllimport) public: class ArrayWrapper<class CarWrapper> __thiscall GameEventWrapper::GetCars(void)" (__imp_?GetCars@GameEventWrapper@@QAE?AV?$ArrayWrapper@VCarWrapper@@@@XZ)
HitsPlugin.obj : error LNK2001: unresolved external symbol "__declspec(dllimport) public: class CarWrapper __thiscall ArrayWrapper<class CarWrapper>::Get(int)" (__imp_?Get@?$ArrayWrapper@VCarWrapper@@@@QAE?AVCarWrapper@@H@Z)
HitsPlugin.obj : error LNK2001: unresolved external symbol "__declspec(dllimport) public: int __thiscall ArrayWrapper<class CarWrapper>::Count(void)" (__imp_?Count@?$ArrayWrapper@VCarWrapper@@@@QAEHXZ)
HitsPlugin.obj : error LNK2001: unresolved external symbol "__declspec(dllimport) public: __thiscall ArrayWrapper<class CarWrapper>::~ArrayWrapper<class CarWrapper>(void)" (__imp_??1?$ArrayWrapper@VCarWrapper@@@@QAE@XZ)
HitsPlugin.obj : error LNK2001: unresolved external symbol "__declspec(dllimport) public: void __thiscall CVarWrapper::bindTo(class std::shared_ptr<int>)" (__imp_?bindTo@CVarWrapper@@QAEXV?$shared_ptr@H@std@@@Z)
HitsPlugin.obj : error LNK2001: unresolved external symbol "__declspec(dllimport) public: void __thiscall CVarWrapper::bindTo(class std::shared_ptr<bool>)" (__imp_?bindTo@CVarWrapper@@QAEXV?$shared_ptr@_N@std@@@Z)
HitsPlugin.obj : error LNK2001: unresolved external symbol "__declspec(dllimport) public: void __thiscall CVarWrapper::setValue(int)" (__imp_?setValue@CVarWrapper@@QAEXH@Z)
HitsPlugin.obj : error LNK2001: unresolved external symbol "__declspec(dllimport) public: bool __thiscall CVarWrapper::getBoolValue(void)" (__imp_?getBoolValue@CVarWrapper@@QAE_NXZ)
HitsPlugin.obj : error LNK2001: unresolved external symbol "__declspec(dllimport) public: int __thiscall CVarWrapper::getIntValue(void)" (__imp_?getIntValue@CVarWrapper@@QAEHXZ)
HitsPlugin.obj : error LNK2001: unresolved external symbol "__declspec(dllimport) public: __thiscall CVarWrapper::~CVarWrapper(void)" (__imp_??1CVarWrapper@@QAE@XZ)
HitsPlugin.obj : error LNK2001: unresolved external symbol "__declspec(dllimport) public: __thiscall ServerWrapper::~ServerWrapper(void)" (__imp_??1ServerWrapper@@QAE@XZ)
G:\SourceControl\HitsPlugin\Release\HitsPlugin.dll : fatal error LNK1120: 36 unresolved externals
